0 info it worked if it ends with ok
1 verbose cli [
1 verbose cli   '/Users/ahchos01/.nvm/versions/node/v19.2.0/bin/node',
1 verbose cli   '/Users/ahchos01/.nvm/versions/node/v19.2.0/bin/npm',
1 verbose cli   'start'
1 verbose cli ]
2 info using npm@3.10.10
3 info using node@v19.2.0
4 verbose run-script [ 'prestart', 'start', 'poststart' ]
5 info lifecycle tripbook2@0.1.0~prestart: tripbook2@0.1.0
6 silly lifecycle tripbook2@0.1.0~prestart: no script for prestart, continuing
7 info lifecycle tripbook2@0.1.0~start: tripbook2@0.1.0
8 verbose lifecycle tripbook2@0.1.0~start: unsafe-perm in lifecycle true
9 verbose lifecycle tripbook2@0.1.0~start: PATH: /Users/ahchos01/.nvm/versions/node/v19.2.0/lib/node_modules/npm/bin/node-gyp-bin:/Users/ahchos01/Desktop/TripBook-2/node_modules/.bin:/opt/homebrew/opt/libxslt/bin:/Users/ahchos01/.nvm/versions/node/v19.2.0/bin:/Users/ahchos01/.asdf/shims:/Users/ahchos01/.asdf/bin:/opt/homebrew/bin:/opt/homebrew/sbin:/usr/local/bin:/System/Cryptexes/App/usr/bin:/usr/bin:/bin:/usr/sbin:/sbin:/usr/local/MacGPG2/bin
10 verbose lifecycle tripbook2@0.1.0~start: CWD: /Users/ahchos01/Desktop/TripBook-2
11 silly lifecycle tripbook2@0.1.0~start: Args: [ '-c', 'craco start' ]
12 info lifecycle tripbook2@0.1.0~start: Failed to exec start script
13 verbose stack Error: tripbook2@0.1.0 start: `craco start`
13 verbose stack spawn ENOENT
13 verbose stack     at ChildProcess.<anonymous> (/Users/ahchos01/.nvm/versions/node/v19.2.0/lib/node_modules/npm/lib/utils/spawn.js:33:16)
13 verbose stack     at ChildProcess.emit (node:events:513:28)
13 verbose stack     at maybeClose (node:internal/child_process:1098:16)
13 verbose stack     at ChildProcess._handle.onexit (node:internal/child_process:304:5)
14 verbose pkgid tripbook2@0.1.0
15 verbose cwd /Users/ahchos01/Desktop/TripBook-2
16 error Darwin 22.3.0
17 error argv "/Users/ahchos01/.nvm/versions/node/v19.2.0/bin/node" "/Users/ahchos01/.nvm/versions/node/v19.2.0/bin/npm" "start"
18 error node v19.2.0
19 error npm  v3.10.10
20 error file sh
21 error code ELIFECYCLE
22 error errno ENOENT
23 error syscall spawn
24 error tripbook2@0.1.0 start: `craco start`
24 error spawn ENOENT
25 error Failed at the tripbook2@0.1.0 start script 'craco start'.
25 error Make sure you have the latest version of node.js and npm installed.
25 error If you do, this is most likely a problem with the tripbook2 package,
25 error not with npm itself.
25 error Tell the author that this fails on your system:
25 error     craco start
25 error You can get information on how to open an issue for this project with:
25 error     npm bugs tripbook2
25 error Or if that isn't available, you can get their info via:
25 error     npm owner ls tripbook2
25 error There is likely additional logging output above.
26 verbose exit [ 1, true ]
